 
 Date and time formats = ccyymmdd ; hhmmss.sss
 Start date and time   = 20120402 ; 105231.212
 End date and time     = 20120402 ; 105234.875
 Total CPU time (sec.) =    3.60845100000000     
 LU factorisation : CPU time and % Total time =   0.210968000000000     
   5.84649756917857      %
 ARPACK : CPU time and % Total time =   0.876866000000000     
   24.3003438317439      %
 Assembly : CPU time and % Total time =   0.403939000000000     
   11.1942492775986      %
 Post-processsing : CPU time and % Total time =   0.419936000000000     
   11.6375696940321      %
 Pre-Assembly : CPU time and % Total time =    1.69674200000000     
   47.0213396274468      %
 
 lambda  =    1.87833333333333     
 npt, nel, nnodes  =                   1737                   844
                     6
 neq, i_cond =                  10128                     2
 E_H_field         =                      1  (E-Field formulation)
    bloch_vec =   1.000000000000000E-009  0.000000000000000E+000
 bloch_vec/pi =   3.183098861837907E-010  0.000000000000000E+000
 shift             =  (11.3014919279415,0.000000000000000E+000)
 (0.535042180361361,0.000000000000000E+000)
 integer super-vector :
 int_used, int_max, int_used/int_max         =                 447987
               4194304  0.106808423995972     
 cmplx super-vector : 
 cmplx_used, cmplx_max, cmplx_used/cmplx_max =                1165727
              67108864  1.737068593502045E-002
 Real super-vector : 
 real_used, real_max, real_max/real_used =                 734281
               2097152   2.85606191635082     
 
 neq_PW =                      5
 nval, nvect, n_conv =                      7                    19
                     7
 nonz, npt*nval, nonz/(npt*nval) =                 346884                 12159
   28.5289908709598     
 nonz, nonz_max, nonz_max/nonz =                 346884                754536
   2.17518248175182     
 nonz, int_used, int_used/nonz =                 346884                447987
   1.29146054588854     
 
   1   3.3450853454372      0.91000748816502E-17
   2   3.3450853454372     -0.78956054627855E-17
   3 -0.13773958356207E-12   5.3187237860379    
   4 -0.85677247218499E-14   5.3187237933188    
   5  0.10530951027769E-12   5.3187239057875    
   6  0.21025082064793E-12   5.3187239090709    
   7  0.27926189985875E-16   5.3187756350574    
 
 n_core =                      1                     1
 eps_eff =  (1.00000000000000,0.000000000000000E+000)
 (1.00000000000000,0.000000000000000E+000)
 (1.00000000000000,0.000000000000000E+000)
 (1.00000000000000,0.000000000000000E+000)
 n_eff =  (1.00000000000000,0.000000000000000E+000)
 (1.00000000000000,0.000000000000000E+000)
 (1.00000000000000,0.000000000000000E+000)
 (1.00000000000000,0.000000000000000E+000)
 
 conjugate pair problem                     0 times, for d = 
                   600
 
 mesh_file = 
 ../PCPV/Data/2by2_ff03_rho_2_25.mail                                           
                      
 gmsh_file = 
 ../PCPV/Data/2by2_ff03_rho_2_25.mail.msh                                       
                      
 log_file  = 
 ../PCPV/Data/2by2_ff03_rho_2_25.mail.log                                       
                      
