 
 Date and time formats = ccyymmdd ; hhmmss.sss
 Start date and time   = 20120418 ; 144550.887
 End date and time     = 20120418 ; 144825.576
 Total CPU time (sec.) =    146.157134000000     
 LU factorisation : CPU time and % Total time =   0.184010999999998     
  0.125899430950800      %
 ARPACK : CPU time and % Total time =    44.8868060000000     
   30.7113342821843      %
 Assembly : CPU time and % Total time =   0.288018000000008     
  0.197060514336582      %
 Post-processsing : CPU time and % Total time =    11.1967000000000     
   7.66072766588323      %
 Pre-Assembly : CPU time and % Total time =    89.6015990000000     
   61.3049781066451      %
 
 lambda  =   0.401337792642140     
 npt, nel, nnodes  =                   1777                   864
                     6
 neq, i_cond =                  10368                     2
 E_H_field         =                      1  (E-Field formulation)
    bloch_vec =   1.000000000000000E-009  0.000000000000000E+000
 bloch_vec/pi =   3.183098861837907E-010  0.000000000000000E+000
 shift             =  (8953.39701515214,0.000000000000000E+000)
 (15.0596213697007,0.000000000000000E+000)
 integer super-vector :
 int_used, int_max, int_used/int_max         =                 458567
               4194304  0.109330892562866     
 cmplx super-vector : 
 cmplx_used, cmplx_max, cmplx_used/cmplx_max =               11068823
              67108864  0.164938315749168     
 Real super-vector : 
 real_used, real_max, real_max/real_used =                 751681
               2097152   2.78994945994378     
 
 neq_PW =                      5
 nval, nvect, n_conv =                    100                   253
                   100
 nonz, npt*nval, nonz/(npt*nval) =                 355104                177700
   1.99833427124367     
 nonz, nonz_max, nonz_max/nonz =                 355104                772416
   2.17518248175182     
 nonz, int_used, int_used/nonz =                 355104                458567
   1.29135971433721     
 
   1   91.183212844296       46.933941425601    
   2   91.182892113868       46.933783177219    
   3   91.182397563443       46.933445585842    
   4   91.182233109828       46.933684527697    
   5   91.181644124210       46.933305701792    
   6   91.181490544970       46.933517147698    
   7   91.180635749429       46.933306145052    
   8   91.180209199730       46.933297755334    
   9   87.117096342318       48.407980794149    
  10   87.116066691637       48.409007571401    
  11   87.107036680655       48.410411504196    
  12   87.106690565011       48.410777430105    
  13   15.876950381041      0.77651869420169    
  14   15.781219419649      0.64241432286832    
  15   15.779671722137      0.64235072102136    
  16   15.751865137016      0.34209068620688    
  17   15.751860846749      0.34208821453668    
  18   14.879336871494      0.54244519622940    
  19   14.879327308912      0.54244089866853    
  20   14.734571429147       1.1445643381860    
  21   14.151773541054      0.10291571945980    
  22   14.151611509257      0.10353375474183    
  23   13.939662179335      0.64826512654798    
  24   13.939655210644      0.64826175344513    
  25   13.567458092919      0.50368814991173    
  26   13.567454676086      0.50368292065269    
  27   13.115622415905      0.15710231601486    
  28   12.815172129457      0.17380812488227    
  29   12.049163232493      0.73383154658562    
  30   12.048154785608      0.73458138078007    
  31   11.991018884638      0.60827664172767    
  32   11.991012070565      0.60827768972416    
  33   11.741670978788      0.28698735602034    
  34   10.698847792662      0.47853029247039    
  35   10.698830438252      0.47853694259794    
  36   10.139214835526      0.28677736287916    
  37   9.4001645448359      0.70684765403113    
  38   9.4000324657636      0.70689430463446    
  39   8.7423804513609      0.40787496212856    
  40   7.8800827588058      0.26185713950306    
  41   7.8793243882855      0.26057279034390    
  42   7.6984156151423      0.26578456893959    
  43   7.6980485909309      0.26578871345272    
  44   6.9414001566968      0.46985319079496    
  45   6.9407066101880      0.61717394851882    
  46   6.9407022501587      0.61717717387233    
  47   6.1108603884023      0.39258850625344    
  48   6.1105170951876      0.39218042419035    
  49   5.3190608932105      0.44619933366574    
  50   5.3190530220090      0.44619837095278    
  51   4.1125658670081       1.3502801699609    
  52   4.1094865441800       1.3505463053325    
  53  0.81781114788849       4.1685333040063    
  54   2.1842649669118       5.2845277246221    
  55  0.61234553764992       5.7295616506391    
  56  0.57500202216645       7.2631223392974    
  57  0.57496971808118       7.2631391271172    
  58   1.1764242095774       7.4396002878438    
  59   1.1764307748131       7.4396538033566    
  60  0.49774743597520       9.5074974530784    
  61  0.57558132893394       9.7110900020442    
  62  0.57561181838352       9.7116853708720    
  63  0.52091334738137       10.311129292980    
  64  0.52175949920863       10.311246714836    
  65  0.40735935654995       10.450850889262    
  66  0.27755661850339       10.625013241042    
  67  0.97040827035931       11.388052639574    
  68  0.97050396019776       11.388381231914    
  69  0.50096880836175       11.692332893638    
  70  0.50276120016704       11.693638562982    
  71 -0.49096197963087E-02   11.896462917712    
  72 -0.48653841818249E-02   11.897127774260    
  73 -0.53869251474234E-02   12.224800971800    
  74  0.14101942087855E-01   12.270236298602    
  75  0.85832093121370E-01   12.505879075891    
  76  0.85820620171575E-01   12.505893585694    
  77  0.84480463512707       12.883400219943    
  78  0.17328542017345       13.016596155241    
  79  0.17328275983241       13.016636231692    
  80  0.53350469583747       13.231680303681    
  81  0.53350432241835       13.231680522316    
  82  0.22914233296525       13.628169208359    
  83  0.32728050410604       14.780533610331    
  84  0.32345698221063       14.786974071203    
  85  0.42337546309258       14.986180361130    
  86  0.31385195557057       15.367785203833    
  87  0.31446547200413       15.368621189855    
  88  0.14165845355328       15.903222338930    
  89  0.14095433986566       15.904680213384    
  90  0.56017502202185       16.463117740597    
  91  0.56042360385076       16.466244292269    
  92  0.37226348582833       17.276539726086    
  93  0.35699225783160       17.277953455733    
  94  0.53845381999071       17.858754320209    
  95  0.73033528206752       18.017059989575    
  96  0.22697293206844       18.136839894536    
  97  0.22644035336518       18.137875286303    
  98  0.16774249638343       18.142601549108    
  99  0.16773929647581       18.142743289537    
 100  0.33273384894472       18.331449461459    
 
 n_core =                      4                     4
 eps_eff =  (1.00000000000000,0.000000000000000E+000)
 (2.17648058407791,1.386772600000000E-005)
 (1.00000000000000,0.000000000000000E+000) (27.6884520000000,35.0255360000000)
 n_eff =  (1.00000000000000,0.000000000000000E+000)
 (1.47529000000000,4.700000000000000E-006)
 (1.00000000000000,0.000000000000000E+000) (6.01400000000000,2.91200000000000)
 
 conjugate pair problem                     0 times, for d = 
                   897
 
 mesh_file = 
 ../PCPV/Data/2by2_ff10_rho_1.mail                                              
                      
 gmsh_file = 
 ../PCPV/Data/2by2_ff10_rho_1.mail.msh                                          
                      
 log_file  = 
 ../PCPV/Data/2by2_ff10_rho_1.mail.log                                          
                      
