 
 Date and time formats = ccyymmdd ; hhmmss.sss
 Start date and time   = 20120405 ; 104828.713
 End date and time     = 20120405 ; 110245.375
 Total CPU time (sec.) =    856.253830000000     
 LU factorisation : CPU time and % Total time =   0.289955999999961     
  3.386332298215367E-002 %
 ARPACK : CPU time and % Total time =    237.689865000000     
   27.7592761249313      %
 Assembly : CPU time and % Total time =   0.504924000000017     
  5.896896250963535E-002 %
 Post-processsing : CPU time and % Total time =    155.240400000000     
   18.1301845972473      %
 Pre-Assembly : CPU time and % Total time =    462.528685000000     
   54.0177069923296      %
 
 lambda  =   0.281512605042017     
 npt, nel, nnodes  =                   2161                  1056
                     6
 neq, i_cond =                  12672                     2
 E_H_field         =                      1  (E-Field formulation)
    bloch_vec =   1.000000000000000E-009  0.000000000000000E+000
 bloch_vec/pi =   3.183098861837907E-010  0.000000000000000E+000
 shift             =  (13793.8244633208,0.000000000000000E+000)
 (18.6922886612253,0.000000000000000E+000)
 integer super-vector :
 int_used, int_max, int_used/int_max         =                 560189
               4194304  0.133559465408325     
 cmplx super-vector : 
 cmplx_used, cmplx_max, cmplx_used/cmplx_max =               33806742
              67108864  0.503759711980820     
 Real super-vector : 
 real_used, real_max, real_max/real_used =                 918721
               2097152   2.28268647391319     
 
 neq_PW =                     29
 nval, nvect, n_conv =                    251                   630
                   251
 nonz, npt*nval, nonz/(npt*nval) =                 434016                542411
  0.800160763701326     
 nonz, nonz_max, nonz_max/nonz =                 434016                944064
   2.17518248175182     
 nonz, int_used, int_used/nonz =                 434016                560189
   1.29071048071960     
 
   1   22.636811215507      0.88431489673247    
   2   22.511086070738      0.72287952045995    
   3   22.510676766667      0.72288686097008    
   4   22.488378882036      0.58086470331417    
   5   22.487883050968      0.58072062289373    
   6   22.072956596177      0.78163555201285    
   7   22.072234014645      0.78160577225755    
   8   21.279416933129       1.2689211504717    
   9   21.213700297684      0.25096736879131    
  10   21.213566259295      0.25113408518932    
  11   21.029691430375      0.60440367300947    
  12   21.029373325741      0.60428357125133    
  13   20.960517725476      0.48295219103899    
  14   20.789643876428      0.96206765873103    
  15   20.788944326096      0.96181823834768    
  16   20.263199765938      0.46636017826090    
  17   19.536007838118      0.68255890675620    
  18   19.150447988935      0.89274228472667    
  19   19.149474135020      0.89313643396337    
  20   19.071086601087      0.40874229138880    
  21   19.070828282261      0.40911003904119    
  22   19.046942318723       1.0935105815108    
  23   19.045642558905       1.0936239898904    
  24   18.713513163376      0.27974150612669    
  25   18.353642253763      0.40410495274106    
  26   18.353338830274      0.40379931444969    
  27   17.906768514921      0.57756370093380    
  28   17.906632866270      0.57896853931495    
  29   17.793408233295      0.31971856546272    
  30   17.793365000308      0.32017890514515    
  31   17.133867878804       1.0147402924241    
  32   16.594149613579      0.18670360348426    
  33   16.401308614030      0.55052019111377    
  34   16.401126230794      0.55056818101509    
  35   16.313078795321       1.0296180958695    
  36   16.312065279092       1.0312107438754    
  37   16.095891401767      0.27890482097458    
  38   16.095173952283      0.27801432233830    
  39   16.015789015973      0.50362022331321    
  40   16.015244710998      0.50378994476010    
  41   15.880161273081      0.66610354658171    
  42   14.221050916151      0.52035638421098    
  43   13.607653107138      0.74142380705896    
  44   13.607515994062      0.74454255586047    
  45   13.443229945826       1.3623947568300    
  46   12.049655324302      0.74648917562669    
  47   12.048275444312      0.74813311725557    
  48   12.035187252997      0.89056002934250    
  49   11.884566049593      0.70652361348433    
  50   11.884578570854      0.70839934492900    
  51   10.880264342345      0.23568519681719    
  52   10.216254593680       1.8299306048002    
  53   9.6769513441951      0.24735732313955    
  54   9.3226360512561       1.7397715328216    
  55   9.3218672752834       1.7400949004604    
  56   8.9353102490059      0.85014046587597    
  57   8.9348653947222      0.85007616023499    
  58   8.5477794982511      0.72390334446924    
  59   8.5466895903974      0.72510384830108    
  60   8.3936662445968      0.56367449523792    
  61   8.3935186607723      0.56357691196412    
  62   7.9699241637305       1.5550333104482    
  63   6.7296488463017      0.66280405297017    
  64   6.7293213426442      0.66294442380743    
  65   6.6949733774018       2.2777740291323    
  66   6.6925489565047       2.2787443877893    
  67   5.7969566961737       2.3581865125757    
  68   5.7938662251454       2.3647405892777    
  69   5.3357874913427       2.3522536390834    
  70   5.3397653488145       2.3616814962577    
  71   3.9485700730977       1.6098075288957    
  72   2.7402158635470       5.1424690025737    
  73   1.8175048728805       8.2904130162265    
  74   1.8175368708858       8.2924877978974    
  75  0.88315657280149       10.433669501959    
  76  0.88507751100245       10.438953251316    
  77   1.9323367027221       10.603894582935    
  78   1.9251140100179       10.603298627293    
  79   1.4121508742226       10.692693220429    
  80   1.4124422062613       10.694120731729    
  81   1.3299158144799       11.515624169258    
  82   1.3355123216607       11.520855507562    
  83  0.90412794435986       11.573924897200    
  84   1.3670460938201       11.669664068332    
  85   1.4490672783725       11.857075722405    
  86  0.45669274867183       12.187706389434    
  87  0.45686472037943       12.187986935324    
  88  0.60200545374496       12.332545196650    
  89  0.60265590466962       12.336905967557    
  90   1.3617075037819       13.214105227407    
  91   1.3537792355679       13.215480476744    
  92  0.29187608244882       13.948722234686    
  93  0.95113846444089       14.461512739101    
  94  0.95109171449629       14.462140179198    
  95  0.23783584538961       14.531128305418    
  96  0.23781509139863       14.531411187226    
  97  0.74515749559531       14.752268087314    
  98  0.89526882106250       14.846645554270    
  99  0.66124813057769       14.846766671398    
 100  0.66145588403335       14.847109626423    
 101  0.11071143741723       15.029054822265    
 102   1.0871495603001       15.270128064003    
 103  0.39819501706246       15.487551695286    
 104  0.39909203012148       15.493397065247    
 105  0.33480208701523       16.007553468438    
 106  0.33526624908823       16.007581235922    
 107   1.3380362702550       16.422283583347    
 108   1.3393372904295       16.430743811789    
 109  0.45951492042205       17.087219649121    
 110  0.45964121092561       17.087638132794    
 111  0.92640580342787       17.906091733439    
 112  0.99623483444921       17.958382261856    
 113  0.99337419324301       17.959546099520    
 114  0.54069174528594       18.441533372376    
 115   1.1847012316785       18.728089463785    
 116  0.32100495816590       19.415954285132    
 117   1.0139719508706       20.900632342642    
 118   1.0083401259002       20.903488039791    
 119  0.96604899556364       20.966313494767    
 120  0.97156916904048       20.973731291582    
 121  0.38772894828595       21.351597581909    
 122  0.38826302891574       21.352962046059    
 123  0.64439889927901       21.468335270962    
 124   1.2528848412491       21.650952493462    
 125  0.25053286154702       21.641166974826    
 126  0.44555380955617       21.686241535294    
 127  0.44546077088231       21.686585593531    
 128  0.73148279551189       22.345552272449    
 129  0.73029701342502       22.353846663285    
 130  0.31040844773562       22.473407806976    
 131  0.31050112362342       22.473511349075    
 132  0.40353904141660       22.493571104691    
 133  0.40134705766158       22.495683266989    
 134  0.45374209319097       22.653833053058    
 135  0.45024076924171       22.668986475775    
 136  0.23862531856594       23.218465900261    
 137  0.23916811969732       23.219525494821    
 138  0.21023742896612       23.608203085711    
 139  0.18281628991522       23.699265635939    
 140  0.18292105180719       23.699836508329    
 141  0.58643064655674       23.897496993954    
 142  0.58690875884356       23.905512892847    
 143  0.28284523861723       23.969393030103    
 144  0.28330255891035       23.983301391089    
 145  0.86799494582062E-01   24.060662577484    
 146  0.86642839609002E-01   24.061152012862    
 147  0.61865738620245       24.099743888284    
 148  0.12062727510151       24.302878203903    
 149   1.0963149470700       25.186108845122    
 150   1.0941412280774       25.197891238762    
 151  0.34258376956663       25.613540417891    
 152  0.34398876670028       25.854571191979    
 153  0.34385420577294       25.855075761674    
 154  0.41054861127707       26.438929136203    
 155  0.97955822398172       26.456166751340    
 156  0.63645084969033       26.755090329352    
 157  0.36570060497268       26.910092815000    
 158  0.36644269647201       26.911003422870    
 159  0.72514474954970       26.949511024326    
 160  0.72125724437944       26.961920261624    
 161   1.0939979345230       26.981673313826    
 162   1.0903807982530       26.988497203897    
 163  0.24307318537056       26.987658640451    
 164  0.24326023262963       26.988978359945    
 165   1.2670297849277       27.773447847059    
 166   1.2722306925117       27.796748481538    
 167  0.40517659849878       28.004969053566    
 168  0.48981565700352       28.665070839149    
 169  0.93335834364650       28.741653827117    
 170  0.93967099828017       28.753312739828    
 171  0.11366396420056       29.018128714864    
 172  0.79955960419621       29.159371207462    
 173  0.80766817063621       29.200555139641    
 174   1.5205824682964       29.401084636870    
 175  0.26350553711475       29.386834085471    
 176  0.26346432310552       29.388985784427    
 177   1.5335848252686       29.432494308919    
 178  0.51750527041523       29.424569434459    
 179  0.51781981050210       29.425981859834    
 180  0.42463208286658       29.591408870577    
 181  0.41775388088779       29.908728580215    
 182  0.41754424911477       29.909522522178    
 183  0.50288288485045       29.917942971521    
 184  0.18014169726469       30.398980914828    
 185  0.18016908609909       30.399382729369    
 186  0.36014972405144       30.512567998747    
 187  0.36285460672641       30.514802187463    
 188  0.30122483047983       31.144501494067    
 189  0.29263083082447       31.159963733576    
 190  0.33227304415795       31.161350838900    
 191   1.5146500389551       31.216610982914    
 192  0.10741593330814       31.223652828546    
 193   1.3759077428034       31.373898454347    
 194  0.35849056996234       31.739923858281    
 195  0.35832972643877       31.744924231006    
 196  0.95188039967523E-01   31.804468984808    
 197  0.95300361594366E-01   31.807407953905    
 198  0.77434323475896E-01   31.970150948752    
 199  0.93372534705568       31.991485494224    
 200  0.13213643871650       32.605875421547    
 201  0.13688995092379       32.620609306986    
 202  0.13641016431642       32.622309888610    
 203  0.27028271885075       32.670618321296    
 204  0.26778556956488       32.681938974056    
 205  0.16135297037785       32.714248520215    
 206  0.16209092734611       32.714989873625    
 207  0.56985717344688       32.806147791992    
 208  0.57055674262434       32.835685637486    
 209  0.28134340776641       32.882689441454    
 210  0.17726485532005       33.392754657397    
 211  0.22521573645094       33.686109978666    
 212  0.21950476542349       33.706286594856    
 213   1.3167524674158       33.925753320658    
 214   1.3269026097374       33.934154580868    
 215   1.5569700449378       34.035566727603    
 216   1.5621722757752       34.059023502191    
 217  0.34680083433944       34.043960448410    
 218  0.34613271040636       34.062241773560    
 219  0.50478721793810       34.185351425971    
 220   1.0433238698115       34.260433764139    
 221   1.0595312443975       34.292518809797    
 222  0.14957165568100       34.809875031328    
 223  0.14946796955444       34.815252721284    
 224   1.2190690644388       34.840707914457    
 225  0.37177369069944       35.063351751040    
 226  0.36885249437295       35.140193708289    
 227  0.57643523544352       35.536031031116    
 228  0.58160799557736       35.572696789575    
 229  0.85982423558430       35.743467393913    
 230  0.29743663711793       35.763640341648    
 231  0.30021251278244       35.768252446411    
 232  0.29743347417943       35.942371291145    
 233   1.1200788467381       35.962238968901    
 234  0.29733628961519       35.948173212103    
 235   1.1190157741712       35.976914777077    
 236   1.2297423647862       36.095885519365    
 237  0.24099865216052       36.476643084092    
 238  0.24450050009755       36.477361664687    
 239  0.23945125670531       36.646325732754    
 240  0.24091199151082       36.650039319972    
 241  0.15145276276438       36.704786901054    
 242  0.23930229483788       36.860398105011    
 243  0.23957315237644       36.867377935953    
 244  0.20949111932571       37.210190317220    
 245  0.81845808925108       38.194449568957    
 246  0.38381734568269       38.189041145741    
 247  0.84829961427148       38.224083779844    
 248  0.23988340880173       38.687499321611    
 249   1.3281031514666       39.026527336937    
 250  0.72039842133459       39.030434951265    
 251  0.19688628695104       39.026217309566    
 
 n_core =                      4                     4
 eps_eff =  (1.00000000000000,0.000000000000000E+000)
 (2.18921024158191,1.390822120000000E-005)
 (1.00000000000000,0.000000000000000E+000) (18.3073720000000,31.6044960000000)
 n_eff =  (1.00000000000000,0.000000000000000E+000)
 (1.47959800000000,4.700000000000000E-006)
 (1.00000000000000,0.000000000000000E+000) (5.23600000000000,3.01800000000000)
 
 conjugate pair problem                     0 times, for d = 
                  1190
 
 mesh_file = 
 ../PCPV/Data/2by2_ff20_tau_01-2.mail                                           
                      
 gmsh_file = 
 ../PCPV/Data/2by2_ff20_tau_01-2.mail.msh                                       
                      
 log_file  = 
 ../PCPV/Data/2by2_ff20_tau_01-2.mail.log                                       
                      
