 
 Date and time formats = ccyymmdd ; hhmmss.sss
 Start date and time   = 20120418 ; 122335.410
 End date and time     = 20120418 ; 122346.014
 Total CPU time (sec.) =    10.1966370000000     
 LU factorisation : CPU time and % Total time =   0.332022000000000     
   3.25619123246223      %
 ARPACK : CPU time and % Total time =    2.79617500000000     
   27.4225217588897      %
 Assembly : CPU time and % Total time =   0.436027000000000     
   4.27618439295231      %
 Post-processsing : CPU time and % Total time =   0.324020000000001     
   3.17771437778947      %
 Pre-Assembly : CPU time and % Total time =    6.30839300000000     
   61.8673882379063      %
 
 lambda  =   0.323529411764706     
 npt, nel, nnodes  =                   1593                   772
                     6
 neq, i_cond =                   9264                     2
 E_H_field         =                      1  (E-Field formulation)
    bloch_vec =   1.000000000000000E-009  0.000000000000000E+000
 bloch_vec/pi =   3.183098861837907E-010  0.000000000000000E+000
 shift             =  (14937.5613102282,0.000000000000000E+000)
 (19.4518083521964,0.000000000000000E+000)
 integer super-vector :
 int_used, int_max, int_used/int_max         =                 409899
               4194304  9.772753715515137E-002
 cmplx super-vector : 
 cmplx_used, cmplx_max, cmplx_used/cmplx_max =                1360026
              67108864  2.026596665382385E-002
 Real super-vector : 
 real_used, real_max, real_max/real_used =                 671641
               2097152   3.12242998863976     
 
 neq_PW =                      5
 nval, nvect, n_conv =                     10                    28
                    10
 nonz, npt*nval, nonz/(npt*nval) =                 317292                 15930
   19.9178907721281     
 nonz, nonz_max, nonz_max/nonz =                 317292                690168
   2.17518248175182     
 nonz, int_used, int_used/nonz =                 317292                409899
   1.29186679777618     
 
   1   120.19231616344       13.253922903466    
   2   120.19229734613       13.253927875226    
   3   120.19214122271       13.253937078849    
   4   120.19204918944       13.253950025711    
   5   120.19195884398       13.253947027017    
   6   120.19185519152       13.253960317314    
   7   120.19173414323       13.253978646764    
   8   120.19166708332       13.253974549701    
   9   118.19471277074       13.434067989054    
  10   118.19462694541       13.434066491060    
 
 n_core =                      4                     4
 eps_eff =  (1.00000000000000,0.000000000000000E+000)
 (2.16693120247791,1.383727000000000E-005)
 (1.00000000000000,0.000000000000000E+000) (38.7570190000000,8.45370000000000)
 n_eff =  (1.00000000000000,0.000000000000000E+000)
 (1.47205000000000,4.700000000000000E-006)
 (1.00000000000000,0.000000000000000E+000) (6.26200000000000,0.675000000000000)
 
 conjugate pair problem                     0 times, for d = 
                  1190
 
 mesh_file = 
 ../PCPV/Data/2by2_ff20_tau_01.mail                                             
                      
 gmsh_file = 
 ../PCPV/Data/2by2_ff20_tau_01.mail.msh                                         
                      
 log_file  = 
 ../PCPV/Data/2by2_ff20_tau_01.mail.log                                         
                      
