 
 Date and time formats = ccyymmdd ; hhmmss.sss
 Start date and time   = 20120405 ; 083316.772
 End date and time     = 20120405 ; 083406.328
 Total CPU time (sec.) =    49.4364850000000     
 LU factorisation : CPU time and % Total time =   0.103984999999998     
  0.210340601683146      %
 ARPACK : CPU time and % Total time =    14.0718600000000     
   28.4645237217007      %
 Assembly : CPU time and % Total time =   0.208968000000002     
  0.422699955306293      %
 Post-processsing : CPU time and % Total time =    9.97348400000001     
   20.1743388511542      %
 Pre-Assembly : CPU time and % Total time =    25.0781880000000     
   50.7280968701557      %
 
 lambda  =   0.516666666666667     
 npt, nel, nnodes  =                    933                   438
                     6
 neq, i_cond =                   5256                     2
 E_H_field         =                      1  (E-Field formulation)
    bloch_vec =   1.000000000000000E-009  0.000000000000000E+000
 bloch_vec/pi =   3.183098861837907E-010  0.000000000000000E+000
 shift             =  (3845.57379201841,0.000000000000000E+000)
 (9.86962623901304,0.000000000000000E+000)
 integer super-vector :
 int_used, int_max, int_used/int_max         =                 233429
               4194304  5.565381050109863E-002
 cmplx super-vector : 
 cmplx_used, cmplx_max, cmplx_used/cmplx_max =                5504763
              67108864  8.202736079692841E-002
 Real super-vector : 
 real_used, real_max, real_max/real_used =                 381061
               2097152   5.50345482744233     
 
 neq_PW =                     13
 nval, nvect, n_conv =                     96                   243
                    96
 nonz, npt*nval, nonz/(npt*nval) =                 180018                 89568
   2.00984726688103     
 nonz, nonz_max, nonz_max/nonz =                 180018                391572
   2.17518248175182     
 nonz, int_used, int_used/nonz =                 180018                233429
   1.29669810796698     
 
   1   12.274050147072      0.77543268019426    
   2   12.194261544486      0.11972027693764    
   3   12.194260282300      0.11965957976532    
   4   10.640035537355      0.29038778198917    
   5   10.640034379691      0.29050317270047    
   6   10.448532830959      0.27545677263723E-01
   7   10.417001520467      0.29059305746289E-01
   8   10.348718670926      0.68102622241435E-01
   9   10.348682013079      0.68106167184762E-01
  10   10.253170609120      0.49435542008518E-01
  11   9.5995827453988      0.14676551952299    
  12   8.6595210332280      0.14462888437467    
  13   8.6594508795626      0.14465145772605    
  14   8.4174921653422      0.51620714945282E-01
  15   8.2731901552657      0.57958746090837E-01
  16   7.9880392067578      0.15449522205896    
  17   7.9880035235623      0.15454970696255    
  18   7.8999333487708      0.13713452152656    
  19   5.6458719026068      0.52064459366064    
  20  0.97828129287672       1.7683744764085    
  21  0.97714361472142       1.7697285850013    
  22  0.26960209482207       2.1888770084058    
  23  0.15677796871386       3.5903901484278    
  24  0.12532891336507       4.1707686816211    
  25  0.12531277131952       4.1707933459210    
  26  0.17197600193111       4.1889438216459    
  27  0.11714225460880       5.1476206873663    
  28  0.28010484796345       6.2666621997366    
  29  0.28002021241766       6.2671165339557    
  30  0.98436471377361E-01   6.4020128785776    
  31  0.32531987019890E-01   6.7278569696748    
  32 -0.23976753334617E-02   7.0085913502626    
  33 -0.24220229775337E-02   7.0090826267690    
  34  0.86939351242443E-03   7.0369772669961    
  35 -0.12913369750825E-03   7.0415142128290    
  36  0.13714193885164E-01   7.0577858182817    
  37  0.13734963705216E-01   7.0577920811105    
  38  0.93157085638116E-01   7.2886808254483    
  39  0.12795988434883       7.4489610127160    
  40  0.55827086820997       8.9806771947375    
  41  0.27885979534165       9.0153164019060    
  42  0.27891733169248       9.0154113695957    
  43  0.18073193259538       12.073275543133    
  44  0.61314944257462E-01   12.518995080781    
  45  0.14222354324751       12.838106350202    
  46  0.14279176887597       12.839496097674    
  47  0.13407224119431E-01   13.302052146194    
  48  0.79517642357914E-01   13.401128936401    
  49  0.32638953763033E-01   13.440741312188    
  50  0.32680951012864E-01   13.440778556296    
  51  0.13813290479356       13.871425318785    
  52  0.63248058567643E-01   13.952770524692    
  53  0.13650511353316       14.313289924207    
  54  0.13630359006657       14.314924573809    
  55  0.19291517745762E-01   14.687213197256    
  56  0.20500304267774E-01   14.826266182150    
  57  0.20500045390976E-01   14.826321621387    
  58  0.68092637927973E-01   14.830148880125    
  59  0.50266989147522E-01   15.236340524611    
  60  0.39335113459975E-01   15.351073229510    
  61  0.42248166505689E-01   15.441098998646    
  62  0.22371557307839       15.645394950465    
  63  0.22360929286341       15.647763268201    
  64 -0.21516574092688E-01   15.657729061336    
  65 -0.22163356740734E-01   15.661361487808    
  66  0.20132542888625E-02   15.723705881768    
  67 -0.49203787785675E-02   15.730469213735    
  68  0.19363873541318E-01   15.788697342731    
  69  0.19556417538668E-01   15.788710985704    
  70  0.50059833460229E-01   16.041713304322    
  71  0.93377205642053E-01   16.434389342225    
  72  0.41629005711966       17.343379304154    
  73  0.10379713493505       17.418539193251    
  74  0.10378890571983       17.418655877001    
  75  0.16967758043169       18.566777224225    
  76  0.75002007075410E-01   18.852915732832    
  77  0.31940927671337E-01   19.046621672383    
  78 -0.95688720481972E-02   19.080446347871    
  79 -0.10041559488181E-01   19.083784754806    
  80  0.14395366242952E-02   19.127256143480    
  81 -0.66173957780084E-02   19.151350900864    
  82  0.12781181026761E-01   19.178342285594    
  83  0.12972934894915E-01   19.178505197663    
  84  0.21521422598902       19.210438926281    
  85  0.21631653954041       19.211893767723    
  86  0.22363418545167E-01   19.272665146473    
  87  0.61082289742004E-01   20.023685041328    
  88  0.42662952758578       20.546637186602    
  89  0.83545192357706E-01   20.707250494441    
  90  0.83623766892687E-01   20.707317099132    
  91  0.26610189270104       21.670684682759    
  92  0.29502627346503E-01   22.004206507894    
  93  0.70601350400162E-01   22.084086944272    
  94  0.69755506375012E-01   22.086999939939    
  95  0.49179283586470E-02   22.253710584204    
  96  0.87758000372793E-02   22.309515949827    
 
 n_core =                      4                     4
 eps_eff =  (1.00000000000000,0.000000000000000E+000)
 (2.20620520887791,1.396210200000000E-005)
 (1.00000000000000,0.000000000000000E+000) (13.0789950000000,36.1167320000000)
 n_eff =  (1.00000000000000,0.000000000000000E+000)
 (1.48533000000000,4.700000000000000E-006)
 (1.00000000000000,0.000000000000000E+000) (5.07400000000000,3.55900000000000)
 
 conjugate pair problem                     0 times, for d = 
                   600
 
 mesh_file = 
 ../PCPV/Data/bj_can_a60_d600.mail                                              
                      
 gmsh_file = 
 ../PCPV/Data/bj_can_a60_d600.mail.msh                                          
                      
 log_file  = 
 ../PCPV/Data/bj_can_a60_d600.mail.log                                          
                      
